<?xml version="1.0" encoding="UTF-8"?>
<!-- Generated by org.testng.reporters.JUnitXMLReporter -->
<testsuite ignored="0" hostname="WGIN-NTB-228" failures="1" tests="3" name="ChromeTest" time="25.093" errors="0" timestamp="2026-03-17T22:39:14 IST">
  <testcase classname="testMethods.FirstTest" name="validateBlankFieldValidations" time="4.999">
    <failure type="java.lang.AssertionError" message="Validation Message is not displayed expected [null] but found [*Email is required]">
      <![CDATA[java.lang.AssertionError: Validation Message is not displayed expected [null] but found [*Email is required]
at testMethods.FirstTest.validateBlankFieldValidations(FirstTest.java:19)
at java.base/java.util.ArrayList.forEach(ArrayList.java:1511)
at java.base/java.util.concurrent.FutureTask.run(FutureTask.java:264)
at java.base/java.util.concurrent.ThreadPoolExecutor.runWorker(ThreadPoolExecutor.java:1136)
at java.base/java.util.concurrent.ThreadPoolExecutor$Worker.run(ThreadPoolExecutor.java:635)
at java.base/java.lang.Thread.run(Thread.java:842)
... Removed 20 stack frames]]>
    </failure>
  </testcase> <!-- validateBlankFieldValidations -->
  <testcase classname="testMethods.FirstTest" name="validateWrongUserNameOrPassword" time="6.317"/>
  <testcase classname="testMethods.FirstTest" name="loginUsingCorrectCredentials" time="6.095"/>
</testsuite> <!-- ChromeTest -->
