<?xml version="1.0" encoding="UTF-8"?>
<!-- Generated by org.testng.reporters.JUnitXMLReporter -->
<testsuite ignored="0" hostname="WGIN-NTB-228" failures="0" tests="4" name="ChromeTest" time="26.035" errors="0" timestamp="2026-03-20T00:26:59 IST">
  <testcase classname="testMethods.FirstTest" name="validate_blank_field_validation_message" time="0.307"/>
  <testcase classname="testMethods.FirstTest" name="validate_login_feature_with_wrong_userpassword" time="1.052"/>
  <testcase classname="testMethods.FirstTest" name="validate_login_feature_with_valid_credentials" time="1.508"/>
  <testcase classname="testMethods.FirstTest" name="validate_dashboardPage_item_List" time="4.689"/>
</testsuite> <!-- ChromeTest -->
