<?xml version="1.0" encoding="UTF-8"?>
<!-- Generated by org.testng.reporters.JUnitXMLReporter -->
<testsuite ignored="0" hostname="WGIN-NTB-228" failures="1" tests="4" name="FirefoxTest" time="41.178" errors="0" timestamp="2026-03-15T00:10:22 IST">
  <testcase classname="testMethods.FirstTest" name="validateBlankFieldValidations" time="3.339">
    <skipped/>
  </testcase> <!-- validateBlankFieldValidations -->
  <testcase classname="testMethods.FirstTest" name="validateBlankFieldValidations" time="4.436">
    <failure type="java.lang.AssertionError" message="Validation Message is not displayed expected [null] but found [*Email is required]">
      <![CDATA[java.lang.AssertionError: Validation Message is not displayed expected [null] but found [*Email is required]
at testMethods.FirstTest.validateBlankFieldValidations(FirstTest.java:19)
at java.base/java.util.ArrayList.forEach(ArrayList.java:1511)
at java.base/java.util.concurrent.FutureTask.run(FutureTask.java:264)
at java.base/java.util.concurrent.ThreadPoolExecutor.runWorker(ThreadPoolExecutor.java:1136)
at java.base/java.util.concurrent.ThreadPoolExecutor$Worker.run(ThreadPoolExecutor.java:635)
at java.base/java.lang.Thread.run(Thread.java:842)
... Removed 20 stack frames]]>
    </failure>
  </testcase> <!-- validateBlankFieldValidations -->
  <testcase classname="testMethods.FirstTest" name="validateWrongUserNameOrPassword" time="3.43"/>
  <testcase classname="testMethods.FirstTest" name="loginUsingCorrectCredentials" time="3.28"/>
</testsuite> <!-- FirefoxTest -->
