<?xml version="1.0" encoding="UTF-8"?>
<testng-results ignored="0" total="4" passed="4" failed="0" skipped="0">
  <reporter-output>
  </reporter-output>
  <suite started-at="2026-03-20T00:26:33 IST" name="Suite" finished-at="2026-03-20T00:26:59 IST" duration-ms="26035">
    <groups>
    </groups>
    <test started-at="2026-03-20T00:26:33 IST" name="ChromeTest" finished-at="2026-03-20T00:26:59 IST" duration-ms="26035">
      <class name="testMethods.FirstTest">
        <test-method is-config="true" signature="setUpExtent()[pri:0, instance:testMethods.FirstTest@662ac478]" started-at="2026-03-20T00:26:32 IST" name="setUpExtent" finished-at="2026-03-20T00:26:33 IST" duration-ms="176" status="PASS">
          <reporter-output>
          </reporter-output>
        </test-method> <!-- setUpExtent -->
        <test-method is-config="true" signature="setup(java.lang.String)[pri:0, instance:testMethods.FirstTest@662ac478]" started-at="2026-03-20T00:26:33 IST" name="setup" finished-at="2026-03-20T00:26:39 IST" duration-ms="6195" status="PASS">
          <params>
            <param index="0">
              <value>
                <![CDATA[chrome]]>
              </value>
            </param>
          </params>
          <reporter-output>
          </reporter-output>
        </test-method> <!-- setup -->
        <test-method signature="validate_blank_field_validation_message()[pri:1, instance:testMethods.FirstTest@662ac478]" started-at="2026-03-20T00:26:39 IST" name="validate_blank_field_validation_message" description="Validate Blank field validation Message" finished-at="2026-03-20T00:26:39 IST" duration-ms="307" status="PASS">
          <reporter-output>
          </reporter-output>
        </test-method> <!-- validate_blank_field_validation_message -->
        <test-method is-config="true" signature="tearDown()[pri:0, instance:testMethods.FirstTest@662ac478]" started-at="2026-03-20T00:26:39 IST" name="tearDown" finished-at="2026-03-20T00:26:39 IST" duration-ms="230" status="PASS">
          <reporter-output>
          </reporter-output>
        </test-method> <!-- tearDown -->
        <test-method is-config="true" signature="setup(java.lang.String)[pri:0, instance:testMethods.FirstTest@662ac478]" started-at="2026-03-20T00:26:39 IST" name="setup" finished-at="2026-03-20T00:26:44 IST" duration-ms="5090" status="PASS">
          <params>
            <param index="0">
              <value>
                <![CDATA[chrome]]>
              </value>
            </param>
          </params>
          <reporter-output>
          </reporter-output>
        </test-method> <!-- setup -->
        <test-method signature="validate_login_feature_with_wrong_userpassword()[pri:2, instance:testMethods.FirstTest@662ac478]" started-at="2026-03-20T00:26:44 IST" name="validate_login_feature_with_wrong_userpassword" description="Validate toast message for wrong username or password" finished-at="2026-03-20T00:26:45 IST" duration-ms="1052" status="PASS">
          <reporter-output>
          </reporter-output>
        </test-method> <!-- validate_login_feature_with_wrong_userpassword -->
        <test-method is-config="true" signature="tearDown()[pri:0, instance:testMethods.FirstTest@662ac478]" started-at="2026-03-20T00:26:45 IST" name="tearDown" finished-at="2026-03-20T00:26:46 IST" duration-ms="223" status="PASS">
          <reporter-output>
          </reporter-output>
        </test-method> <!-- tearDown -->
        <test-method is-config="true" signature="setup(java.lang.String)[pri:0, instance:testMethods.FirstTest@662ac478]" started-at="2026-03-20T00:26:46 IST" name="setup" finished-at="2026-03-20T00:26:50 IST" duration-ms="4297" status="PASS">
          <params>
            <param index="0">
              <value>
                <![CDATA[chrome]]>
              </value>
            </param>
          </params>
          <reporter-output>
          </reporter-output>
        </test-method> <!-- setup -->
        <test-method signature="validate_login_feature_with_valid_credentials()[pri:3, instance:testMethods.FirstTest@662ac478]" started-at="2026-03-20T00:26:50 IST" name="validate_login_feature_with_valid_credentials" description="Validate login with valid credentials" finished-at="2026-03-20T00:26:51 IST" duration-ms="1508" status="PASS">
          <reporter-output>
          </reporter-output>
        </test-method> <!-- validate_login_feature_with_valid_credentials -->
        <test-method is-config="true" signature="tearDown()[pri:0, instance:testMethods.FirstTest@662ac478]" started-at="2026-03-20T00:26:51 IST" name="tearDown" finished-at="2026-03-20T00:26:52 IST" duration-ms="225" status="PASS">
          <reporter-output>
          </reporter-output>
        </test-method> <!-- tearDown -->
        <test-method is-config="true" signature="setup(java.lang.String)[pri:0, instance:testMethods.FirstTest@662ac478]" started-at="2026-03-20T00:26:52 IST" name="setup" finished-at="2026-03-20T00:26:54 IST" duration-ms="1836" status="PASS">
          <params>
            <param index="0">
              <value>
                <![CDATA[chrome]]>
              </value>
            </param>
          </params>
          <reporter-output>
          </reporter-output>
        </test-method> <!-- setup -->
        <test-method signature="validate_dashboardPage_item_List()[pri:4, instance:testMethods.FirstTest@662ac478]" started-at="2026-03-20T00:26:54 IST" name="validate_dashboardPage_item_List" description="Validate item list is not empty on dashboard" finished-at="2026-03-20T00:26:58 IST" duration-ms="4689" status="PASS">
          <reporter-output>
          </reporter-output>
        </test-method> <!-- validate_dashboardPage_item_List -->
        <test-method is-config="true" signature="tearDown()[pri:0, instance:testMethods.FirstTest@662ac478]" started-at="2026-03-20T00:26:58 IST" name="tearDown" finished-at="2026-03-20T00:26:59 IST" duration-ms="333" status="PASS">
          <reporter-output>
          </reporter-output>
        </test-method> <!-- tearDown -->
        <test-method is-config="true" signature="flushExtent()[pri:0, instance:testMethods.FirstTest@662ac478]" started-at="2026-03-20T00:26:59 IST" name="flushExtent" finished-at="2026-03-20T00:26:59 IST" duration-ms="198" status="PASS">
          <reporter-output>
          </reporter-output>
        </test-method> <!-- flushExtent -->
      </class> <!-- testMethods.FirstTest -->
    </test> <!-- ChromeTest -->
  </suite> <!-- Suite -->
</testng-results>
