<?xml version="1.0" encoding="UTF-8"?>
<!-- Generated by org.testng.reporters.JUnitReportReporter -->
<testsuite hostname="WGIN-NTB-228" failures="0" tests="4" name="testMethods.FirstTest" time="25.985" errors="0" timestamp="2026-03-20T00:26:59 IST" skipped="0">
  <testcase classname="testMethods.FirstTest" name="validate_blank_field_validation_message" time="6.725"/>
  <testcase classname="testMethods.FirstTest" name="validate_login_feature_with_wrong_userpassword" time="5.682"/>
  <testcase classname="testMethods.FirstTest" name="validate_login_feature_with_valid_credentials" time="6.828"/>
  <testcase classname="testMethods.FirstTest" name="validate_dashboardPage_item_List" time="6.750"/>
</testsuite> <!-- testMethods.FirstTest -->
